Server configuration loaded:
{
  secret: 'banana123',
  port: 5000,
  debug: false,
  apiDomain: 'localhost:5000',
  websiteDomains: 'localhost:3000',
  nginxConfigFile: 'example.conf'
}
Server listening on port 5000
Server configuration loaded:
{
  secret: 'banana123',
  port: 5000,
  debug: false,
  apiDomain: 'localhost:5000',
  websiteDomains: 'localhost:3000',
  nginxConfigFile: 'example.conf'
}
Server listening on port 5000
Server configuration loaded:
{
  secret: 'banana123',
  port: 5000,
  debug: false,
  apiDomain: 'localhost:5000',
  websiteDomains: 'localhost:3000',
  nginxConfigFile: 'example.conf'
}
Server listening on port 5000
Server configuration loaded:
{
  secret: 'banana123',
  port: 5000,
  debug: false,
  apiDomain: 'localhost:5000',
  websiteDomains: 'localhost:3000',
  nginxConfigFile: 'example.conf'
}
Server listening on port 5000
Server configuration loaded:
{
  secret: 'banana123',
  port: 5000,
  debug: false,
  apiDomain: 'localhost:5000',
  websiteDomains: 'localhost:3000',
  nginxConfigFile: 'example.conf'
}
events.js:291
      throw er; // Unhandled 'error' event
      ^

Error: listen EADDRINUSE: address already in use :::5000
    at Server.setupListenHandle [as _listen2] (net.js:1310:16)
    at listenInCluster (net.js:1358:12)
    at Server.listen (net.js:1444:7)
    at Function.listen (/mnt/c/Users/tommy/Desktop/Code Projects/WikiMaker/obsidian-wikimaker-server/api-server/node_modules/express/lib/application.js:635:24)
    at Object.<anonymous> (/mnt/c/Users/tommy/Desktop/Code Projects/WikiMaker/obsidian-wikimaker-server/api-server/server.js:376:5)
    at Module._compile (internal/modules/cjs/loader.js:999:30)
    at Object.Module._extensions..js (internal/modules/cjs/loader.js:1027:10)
    at Module.load (internal/modules/cjs/loader.js:863:32)
    at Function.Module._load (internal/modules/cjs/loader.js:708:14)
    at Function.executeUserEntryPoint [as runMain] (internal/modules/run_main.js:60:12)
Emitted 'error' event on Server instance at:
    at emitErrorNT (net.js:1337:8)
    at processTicksAndRejections (internal/process/task_queues.js:84:21) {
  code: 'EADDRINUSE',
  errno: 'EADDRINUSE',
  syscall: 'listen',
  address: '::',
  port: 5000
}
Server configuration loaded:
{
  secret: 'banana123',
  port: 5000,
  debug: false,
  apiDomain: 'localhost:5000',
  websiteDomains: 'localhost:3000',
  nginxConfigFile: 'example.conf'
}
Server listening on port 5000
Server configuration loaded:
{
  secret: 'banana12345',
  port: 5001,
  debug: false,
  apiDomain: 'localhost:5001',
  websiteDomains: 'localhost:3000',
  nginxConfigFile: 'example.conf'
}
Server listening on port 5001
(node:1142) [DEP0016] DeprecationWarning: 'root' is deprecated, use 'global'
TypeError: fs.rmSync is not a function
    at removePublishedFile (/mnt/c/Users/tommy/Desktop/Code Projects/WikiMaker/obsidian-wikimaker-server/api-server/server.js:75:12)
    at /mnt/c/Users/tommy/Desktop/Code Projects/WikiMaker/obsidian-wikimaker-server/api-server/server.js:210:36
    at Layer.handle [as handle_request] (/mnt/c/Users/tommy/Desktop/Code Projects/WikiMaker/obsidian-wikimaker-server/api-server/node_modules/express/lib/router/layer.js:95:5)
    at next (/mnt/c/Users/tommy/Desktop/Code Projects/WikiMaker/obsidian-wikimaker-server/api-server/node_modules/express/lib/router/route.js:149:13)
    at Route.dispatch (/mnt/c/Users/tommy/Desktop/Code Projects/WikiMaker/obsidian-wikimaker-server/api-server/node_modules/express/lib/router/route.js:119:3)
    at Layer.handle [as handle_request] (/mnt/c/Users/tommy/Desktop/Code Projects/WikiMaker/obsidian-wikimaker-server/api-server/node_modules/express/lib/router/layer.js:95:5)
    at /mnt/c/Users/tommy/Desktop/Code Projects/WikiMaker/obsidian-wikimaker-server/api-server/node_modules/express/lib/router/index.js:284:15
    at Function.process_params (/mnt/c/Users/tommy/Desktop/Code Projects/WikiMaker/obsidian-wikimaker-server/api-server/node_modules/express/lib/router/index.js:346:12)
    at next (/mnt/c/Users/tommy/Desktop/Code Projects/WikiMaker/obsidian-wikimaker-server/api-server/node_modules/express/lib/router/index.js:280:10)
    at cors (/mnt/c/Users/tommy/Desktop/Code Projects/WikiMaker/obsidian-wikimaker-server/api-server/node_modules/cors/lib/index.js:188:7)
TypeError: fs.rmSync is not a function
    at removePublishedFile (/mnt/c/Users/tommy/Desktop/Code Projects/WikiMaker/obsidian-wikimaker-server/api-server/server.js:75:12)
    at /mnt/c/Users/tommy/Desktop/Code Projects/WikiMaker/obsidian-wikimaker-server/api-server/server.js:210:36
    at Layer.handle [as handle_request] (/mnt/c/Users/tommy/Desktop/Code Projects/WikiMaker/obsidian-wikimaker-server/api-server/node_modules/express/lib/router/layer.js:95:5)
    at next (/mnt/c/Users/tommy/Desktop/Code Projects/WikiMaker/obsidian-wikimaker-server/api-server/node_modules/express/lib/router/route.js:149:13)
    at Route.dispatch (/mnt/c/Users/tommy/Desktop/Code Projects/WikiMaker/obsidian-wikimaker-server/api-server/node_modules/express/lib/router/route.js:119:3)
    at Layer.handle [as handle_request] (/mnt/c/Users/tommy/Desktop/Code Projects/WikiMaker/obsidian-wikimaker-server/api-server/node_modules/express/lib/router/layer.js:95:5)
    at /mnt/c/Users/tommy/Desktop/Code Projects/WikiMaker/obsidian-wikimaker-server/api-server/node_modules/express/lib/router/index.js:284:15
    at Function.process_params (/mnt/c/Users/tommy/Desktop/Code Projects/WikiMaker/obsidian-wikimaker-server/api-server/node_modules/express/lib/router/index.js:346:12)
    at next (/mnt/c/Users/tommy/Desktop/Code Projects/WikiMaker/obsidian-wikimaker-server/api-server/node_modules/express/lib/router/index.js:280:10)
    at cors (/mnt/c/Users/tommy/Desktop/Code Projects/WikiMaker/obsidian-wikimaker-server/api-server/node_modules/cors/lib/index.js:188:7)
TypeError: fs.rmSync is not a function
    at removePublishedFile (/mnt/c/Users/tommy/Desktop/Code Projects/WikiMaker/obsidian-wikimaker-server/api-server/server.js:75:12)
    at /mnt/c/Users/tommy/Desktop/Code Projects/WikiMaker/obsidian-wikimaker-server/api-server/server.js:210:36
    at Layer.handle [as handle_request] (/mnt/c/Users/tommy/Desktop/Code Projects/WikiMaker/obsidian-wikimaker-server/api-server/node_modules/express/lib/router/layer.js:95:5)
    at next (/mnt/c/Users/tommy/Desktop/Code Projects/WikiMaker/obsidian-wikimaker-server/api-server/node_modules/express/lib/router/route.js:149:13)
    at Route.dispatch (/mnt/c/Users/tommy/Desktop/Code Projects/WikiMaker/obsidian-wikimaker-server/api-server/node_modules/express/lib/router/route.js:119:3)
    at Layer.handle [as handle_request] (/mnt/c/Users/tommy/Desktop/Code Projects/WikiMaker/obsidian-wikimaker-server/api-server/node_modules/express/lib/router/layer.js:95:5)
    at /mnt/c/Users/tommy/Desktop/Code Projects/WikiMaker/obsidian-wikimaker-server/api-server/node_modules/express/lib/router/index.js:284:15
    at Function.process_params (/mnt/c/Users/tommy/Desktop/Code Projects/WikiMaker/obsidian-wikimaker-server/api-server/node_modules/express/lib/router/index.js:346:12)
    at next (/mnt/c/Users/tommy/Desktop/Code Projects/WikiMaker/obsidian-wikimaker-server/api-server/node_modules/express/lib/router/index.js:280:10)
    at cors (/mnt/c/Users/tommy/Desktop/Code Projects/WikiMaker/obsidian-wikimaker-server/api-server/node_modules/cors/lib/index.js:188:7)
TypeError: fs.rmSync is not a function
    at removePublishedFile (/mnt/c/Users/tommy/Desktop/Code Projects/WikiMaker/obsidian-wikimaker-server/api-server/server.js:75:12)
    at /mnt/c/Users/tommy/Desktop/Code Projects/WikiMaker/obsidian-wikimaker-server/api-server/server.js:210:36
    at Layer.handle [as handle_request] (/mnt/c/Users/tommy/Desktop/Code Projects/WikiMaker/obsidian-wikimaker-server/api-server/node_modules/express/lib/router/layer.js:95:5)
    at next (/mnt/c/Users/tommy/Desktop/Code Projects/WikiMaker/obsidian-wikimaker-server/api-server/node_modules/express/lib/router/route.js:149:13)
    at Route.dispatch (/mnt/c/Users/tommy/Desktop/Code Projects/WikiMaker/obsidian-wikimaker-server/api-server/node_modules/express/lib/router/route.js:119:3)
    at Layer.handle [as handle_request] (/mnt/c/Users/tommy/Desktop/Code Projects/WikiMaker/obsidian-wikimaker-server/api-server/node_modules/express/lib/router/layer.js:95:5)
    at /mnt/c/Users/tommy/Desktop/Code Projects/WikiMaker/obsidian-wikimaker-server/api-server/node_modules/express/lib/router/index.js:284:15
    at Function.process_params (/mnt/c/Users/tommy/Desktop/Code Projects/WikiMaker/obsidian-wikimaker-server/api-server/node_modules/express/lib/router/index.js:346:12)
    at next (/mnt/c/Users/tommy/Desktop/Code Projects/WikiMaker/obsidian-wikimaker-server/api-server/node_modules/express/lib/router/index.js:280:10)
    at cors (/mnt/c/Users/tommy/Desktop/Code Projects/WikiMaker/obsidian-wikimaker-server/api-server/node_modules/cors/lib/index.js:188:7)
TypeError: fs.rmSync is not a function
    at removePublishedFile (/mnt/c/Users/tommy/Desktop/Code Projects/WikiMaker/obsidian-wikimaker-server/api-server/server.js:75:12)
    at /mnt/c/Users/tommy/Desktop/Code Projects/WikiMaker/obsidian-wikimaker-server/api-server/server.js:210:36
    at Layer.handle [as handle_request] (/mnt/c/Users/tommy/Desktop/Code Projects/WikiMaker/obsidian-wikimaker-server/api-server/node_modules/express/lib/router/layer.js:95:5)
    at next (/mnt/c/Users/tommy/Desktop/Code Projects/WikiMaker/obsidian-wikimaker-server/api-server/node_modules/express/lib/router/route.js:149:13)
    at Route.dispatch (/mnt/c/Users/tommy/Desktop/Code Projects/WikiMaker/obsidian-wikimaker-server/api-server/node_modules/express/lib/router/route.js:119:3)
    at Layer.handle [as handle_request] (/mnt/c/Users/tommy/Desktop/Code Projects/WikiMaker/obsidian-wikimaker-server/api-server/node_modules/express/lib/router/layer.js:95:5)
    at /mnt/c/Users/tommy/Desktop/Code Projects/WikiMaker/obsidian-wikimaker-server/api-server/node_modules/express/lib/router/index.js:284:15
    at Function.process_params (/mnt/c/Users/tommy/Desktop/Code Projects/WikiMaker/obsidian-wikimaker-server/api-server/node_modules/express/lib/router/index.js:346:12)
    at next (/mnt/c/Users/tommy/Desktop/Code Projects/WikiMaker/obsidian-wikimaker-server/api-server/node_modules/express/lib/router/index.js:280:10)
    at cors (/mnt/c/Users/tommy/Desktop/Code Projects/WikiMaker/obsidian-wikimaker-server/api-server/node_modules/cors/lib/index.js:188:7)
TypeError: fs.rmSync is not a function
    at removePublishedFile (/mnt/c/Users/tommy/Desktop/Code Projects/WikiMaker/obsidian-wikimaker-server/api-server/server.js:75:12)
    at /mnt/c/Users/tommy/Desktop/Code Projects/WikiMaker/obsidian-wikimaker-server/api-server/server.js:210:36
    at Layer.handle [as handle_request] (/mnt/c/Users/tommy/Desktop/Code Projects/WikiMaker/obsidian-wikimaker-server/api-server/node_modules/express/lib/router/layer.js:95:5)
    at next (/mnt/c/Users/tommy/Desktop/Code Projects/WikiMaker/obsidian-wikimaker-server/api-server/node_modules/express/lib/router/route.js:149:13)
    at Route.dispatch (/mnt/c/Users/tommy/Desktop/Code Projects/WikiMaker/obsidian-wikimaker-server/api-server/node_modules/express/lib/router/route.js:119:3)
    at Layer.handle [as handle_request] (/mnt/c/Users/tommy/Desktop/Code Projects/WikiMaker/obsidian-wikimaker-server/api-server/node_modules/express/lib/router/layer.js:95:5)
    at /mnt/c/Users/tommy/Desktop/Code Projects/WikiMaker/obsidian-wikimaker-server/api-server/node_modules/express/lib/router/index.js:284:15
    at Function.process_params (/mnt/c/Users/tommy/Desktop/Code Projects/WikiMaker/obsidian-wikimaker-server/api-server/node_modules/express/lib/router/index.js:346:12)
    at next (/mnt/c/Users/tommy/Desktop/Code Projects/WikiMaker/obsidian-wikimaker-server/api-server/node_modules/express/lib/router/index.js:280:10)
    at cors (/mnt/c/Users/tommy/Desktop/Code Projects/WikiMaker/obsidian-wikimaker-server/api-server/node_modules/cors/lib/index.js:188:7)
TypeError: fs.rmSync is not a function
    at removePublishedFile (/mnt/c/Users/tommy/Desktop/Code Projects/WikiMaker/obsidian-wikimaker-server/api-server/server.js:75:12)
    at /mnt/c/Users/tommy/Desktop/Code Projects/WikiMaker/obsidian-wikimaker-server/api-server/server.js:210:36
    at Layer.handle [as handle_request] (/mnt/c/Users/tommy/Desktop/Code Projects/WikiMaker/obsidian-wikimaker-server/api-server/node_modules/express/lib/router/layer.js:95:5)
    at next (/mnt/c/Users/tommy/Desktop/Code Projects/WikiMaker/obsidian-wikimaker-server/api-server/node_modules/express/lib/router/route.js:149:13)
    at Route.dispatch (/mnt/c/Users/tommy/Desktop/Code Projects/WikiMaker/obsidian-wikimaker-server/api-server/node_modules/express/lib/router/route.js:119:3)
    at Layer.handle [as handle_request] (/mnt/c/Users/tommy/Desktop/Code Projects/WikiMaker/obsidian-wikimaker-server/api-server/node_modules/express/lib/router/layer.js:95:5)
    at /mnt/c/Users/tommy/Desktop/Code Projects/WikiMaker/obsidian-wikimaker-server/api-server/node_modules/express/lib/router/index.js:284:15
    at Function.process_params (/mnt/c/Users/tommy/Desktop/Code Projects/WikiMaker/obsidian-wikimaker-server/api-server/node_modules/express/lib/router/index.js:346:12)
    at next (/mnt/c/Users/tommy/Desktop/Code Projects/WikiMaker/obsidian-wikimaker-server/api-server/node_modules/express/lib/router/index.js:280:10)
    at cors (/mnt/c/Users/tommy/Desktop/Code Projects/WikiMaker/obsidian-wikimaker-server/api-server/node_modules/cors/lib/index.js:188:7)
TypeError: fs.rmSync is not a function
    at removePublishedFile (/mnt/c/Users/tommy/Desktop/Code Projects/WikiMaker/obsidian-wikimaker-server/api-server/server.js:75:12)
    at /mnt/c/Users/tommy/Desktop/Code Projects/WikiMaker/obsidian-wikimaker-server/api-server/server.js:210:36
    at Layer.handle [as handle_request] (/mnt/c/Users/tommy/Desktop/Code Projects/WikiMaker/obsidian-wikimaker-server/api-server/node_modules/express/lib/router/layer.js:95:5)
    at next (/mnt/c/Users/tommy/Desktop/Code Projects/WikiMaker/obsidian-wikimaker-server/api-server/node_modules/express/lib/router/route.js:149:13)
    at Route.dispatch (/mnt/c/Users/tommy/Desktop/Code Projects/WikiMaker/obsidian-wikimaker-server/api-server/node_modules/express/lib/router/route.js:119:3)
    at Layer.handle [as handle_request] (/mnt/c/Users/tommy/Desktop/Code Projects/WikiMaker/obsidian-wikimaker-server/api-server/node_modules/express/lib/router/layer.js:95:5)
    at /mnt/c/Users/tommy/Desktop/Code Projects/WikiMaker/obsidian-wikimaker-server/api-server/node_modules/express/lib/router/index.js:284:15
    at Function.process_params (/mnt/c/Users/tommy/Desktop/Code Projects/WikiMaker/obsidian-wikimaker-server/api-server/node_modules/express/lib/router/index.js:346:12)
    at next (/mnt/c/Users/tommy/Desktop/Code Projects/WikiMaker/obsidian-wikimaker-server/api-server/node_modules/express/lib/router/index.js:280:10)
    at cors (/mnt/c/Users/tommy/Desktop/Code Projects/WikiMaker/obsidian-wikimaker-server/api-server/node_modules/cors/lib/index.js:188:7)
TypeError: fs.rmSync is not a function
    at removePublishedFile (/mnt/c/Users/tommy/Desktop/Code Projects/WikiMaker/obsidian-wikimaker-server/api-server/server.js:75:12)
    at /mnt/c/Users/tommy/Desktop/Code Projects/WikiMaker/obsidian-wikimaker-server/api-server/server.js:210:36
    at Layer.handle [as handle_request] (/mnt/c/Users/tommy/Desktop/Code Projects/WikiMaker/obsidian-wikimaker-server/api-server/node_modules/express/lib/router/layer.js:95:5)
    at next (/mnt/c/Users/tommy/Desktop/Code Projects/WikiMaker/obsidian-wikimaker-server/api-server/node_modules/express/lib/router/route.js:149:13)
    at Route.dispatch (/mnt/c/Users/tommy/Desktop/Code Projects/WikiMaker/obsidian-wikimaker-server/api-server/node_modules/express/lib/router/route.js:119:3)
    at Layer.handle [as handle_request] (/mnt/c/Users/tommy/Desktop/Code Projects/WikiMaker/obsidian-wikimaker-server/api-server/node_modules/express/lib/router/layer.js:95:5)
    at /mnt/c/Users/tommy/Desktop/Code Projects/WikiMaker/obsidian-wikimaker-server/api-server/node_modules/express/lib/router/index.js:284:15
    at Function.process_params (/mnt/c/Users/tommy/Desktop/Code Projects/WikiMaker/obsidian-wikimaker-server/api-server/node_modules/express/lib/router/index.js:346:12)
    at next (/mnt/c/Users/tommy/Desktop/Code Projects/WikiMaker/obsidian-wikimaker-server/api-server/node_modules/express/lib/router/index.js:280:10)
    at cors (/mnt/c/Users/tommy/Desktop/Code Projects/WikiMaker/obsidian-wikimaker-server/api-server/node_modules/cors/lib/index.js:188:7)
TypeError: fs.rmSync is not a function
    at removePublishedFile (/mnt/c/Users/tommy/Desktop/Code Projects/WikiMaker/obsidian-wikimaker-server/api-server/server.js:75:12)
    at /mnt/c/Users/tommy/Desktop/Code Projects/WikiMaker/obsidian-wikimaker-server/api-server/server.js:210:36
    at Layer.handle [as handle_request] (/mnt/c/Users/tommy/Desktop/Code Projects/WikiMaker/obsidian-wikimaker-server/api-server/node_modules/express/lib/router/layer.js:95:5)
    at next (/mnt/c/Users/tommy/Desktop/Code Projects/WikiMaker/obsidian-wikimaker-server/api-server/node_modules/express/lib/router/route.js:149:13)
    at Route.dispatch (/mnt/c/Users/tommy/Desktop/Code Projects/WikiMaker/obsidian-wikimaker-server/api-server/node_modules/express/lib/router/route.js:119:3)
    at Layer.handle [as handle_request] (/mnt/c/Users/tommy/Desktop/Code Projects/WikiMaker/obsidian-wikimaker-server/api-server/node_modules/express/lib/router/layer.js:95:5)
    at /mnt/c/Users/tommy/Desktop/Code Projects/WikiMaker/obsidian-wikimaker-server/api-server/node_modules/express/lib/router/index.js:284:15
    at Function.process_params (/mnt/c/Users/tommy/Desktop/Code Projects/WikiMaker/obsidian-wikimaker-server/api-server/node_modules/express/lib/router/index.js:346:12)
    at next (/mnt/c/Users/tommy/Desktop/Code Projects/WikiMaker/obsidian-wikimaker-server/api-server/node_modules/express/lib/router/index.js:280:10)
    at cors (/mnt/c/Users/tommy/Desktop/Code Projects/WikiMaker/obsidian-wikimaker-server/api-server/node_modules/cors/lib/index.js:188:7)
TypeError: fs.rmSync is not a function
    at removePublishedFile (/mnt/c/Users/tommy/Desktop/Code Projects/WikiMaker/obsidian-wikimaker-server/api-server/server.js:75:12)
    at /mnt/c/Users/tommy/Desktop/Code Projects/WikiMaker/obsidian-wikimaker-server/api-server/server.js:210:36
    at Layer.handle [as handle_request] (/mnt/c/Users/tommy/Desktop/Code Projects/WikiMaker/obsidian-wikimaker-server/api-server/node_modules/express/lib/router/layer.js:95:5)
    at next (/mnt/c/Users/tommy/Desktop/Code Projects/WikiMaker/obsidian-wikimaker-server/api-server/node_modules/express/lib/router/route.js:149:13)
    at Route.dispatch (/mnt/c/Users/tommy/Desktop/Code Projects/WikiMaker/obsidian-wikimaker-server/api-server/node_modules/express/lib/router/route.js:119:3)
    at Layer.handle [as handle_request] (/mnt/c/Users/tommy/Desktop/Code Projects/WikiMaker/obsidian-wikimaker-server/api-server/node_modules/express/lib/router/layer.js:95:5)
    at /mnt/c/Users/tommy/Desktop/Code Projects/WikiMaker/obsidian-wikimaker-server/api-server/node_modules/express/lib/router/index.js:284:15
    at Function.process_params (/mnt/c/Users/tommy/Desktop/Code Projects/WikiMaker/obsidian-wikimaker-server/api-server/node_modules/express/lib/router/index.js:346:12)
    at next (/mnt/c/Users/tommy/Desktop/Code Projects/WikiMaker/obsidian-wikimaker-server/api-server/node_modules/express/lib/router/index.js:280:10)
    at cors (/mnt/c/Users/tommy/Desktop/Code Projects/WikiMaker/obsidian-wikimaker-server/api-server/node_modules/cors/lib/index.js:188:7)
TypeError: fs.rmSync is not a function
    at removePublishedFile (/mnt/c/Users/tommy/Desktop/Code Projects/WikiMaker/obsidian-wikimaker-server/api-server/server.js:75:12)
    at /mnt/c/Users/tommy/Desktop/Code Projects/WikiMaker/obsidian-wikimaker-server/api-server/server.js:210:36
    at Layer.handle [as handle_request] (/mnt/c/Users/tommy/Desktop/Code Projects/WikiMaker/obsidian-wikimaker-server/api-server/node_modules/express/lib/router/layer.js:95:5)
    at next (/mnt/c/Users/tommy/Desktop/Code Projects/WikiMaker/obsidian-wikimaker-server/api-server/node_modules/express/lib/router/route.js:149:13)
    at Route.dispatch (/mnt/c/Users/tommy/Desktop/Code Projects/WikiMaker/obsidian-wikimaker-server/api-server/node_modules/express/lib/router/route.js:119:3)
    at Layer.handle [as handle_request] (/mnt/c/Users/tommy/Desktop/Code Projects/WikiMaker/obsidian-wikimaker-server/api-server/node_modules/express/lib/router/layer.js:95:5)
    at /mnt/c/Users/tommy/Desktop/Code Projects/WikiMaker/obsidian-wikimaker-server/api-server/node_modules/express/lib/router/index.js:284:15
    at Function.process_params (/mnt/c/Users/tommy/Desktop/Code Projects/WikiMaker/obsidian-wikimaker-server/api-server/node_modules/express/lib/router/index.js:346:12)
    at next (/mnt/c/Users/tommy/Desktop/Code Projects/WikiMaker/obsidian-wikimaker-server/api-server/node_modules/express/lib/router/index.js:280:10)
    at cors (/mnt/c/Users/tommy/Desktop/Code Projects/WikiMaker/obsidian-wikimaker-server/api-server/node_modules/cors/lib/index.js:188:7)
TypeError: fs.rmSync is not a function
    at removePublishedFile (/mnt/c/Users/tommy/Desktop/Code Projects/WikiMaker/obsidian-wikimaker-server/api-server/server.js:75:12)
    at /mnt/c/Users/tommy/Desktop/Code Projects/WikiMaker/obsidian-wikimaker-server/api-server/server.js:210:36
    at Layer.handle [as handle_request] (/mnt/c/Users/tommy/Desktop/Code Projects/WikiMaker/obsidian-wikimaker-server/api-server/node_modules/express/lib/router/layer.js:95:5)
    at next (/mnt/c/Users/tommy/Desktop/Code Projects/WikiMaker/obsidian-wikimaker-server/api-server/node_modules/express/lib/router/route.js:149:13)
    at Route.dispatch (/mnt/c/Users/tommy/Desktop/Code Projects/WikiMaker/obsidian-wikimaker-server/api-server/node_modules/express/lib/router/route.js:119:3)
    at Layer.handle [as handle_request] (/mnt/c/Users/tommy/Desktop/Code Projects/WikiMaker/obsidian-wikimaker-server/api-server/node_modules/express/lib/router/layer.js:95:5)
    at /mnt/c/Users/tommy/Desktop/Code Projects/WikiMaker/obsidian-wikimaker-server/api-server/node_modules/express/lib/router/index.js:284:15
    at Function.process_params (/mnt/c/Users/tommy/Desktop/Code Projects/WikiMaker/obsidian-wikimaker-server/api-server/node_modules/express/lib/router/index.js:346:12)
    at next (/mnt/c/Users/tommy/Desktop/Code Projects/WikiMaker/obsidian-wikimaker-server/api-server/node_modules/express/lib/router/index.js:280:10)
    at cors (/mnt/c/Users/tommy/Desktop/Code Projects/WikiMaker/obsidian-wikimaker-server/api-server/node_modules/cors/lib/index.js:188:7)
TypeError: fs.rmSync is not a function
    at removePublishedFile (/mnt/c/Users/tommy/Desktop/Code Projects/WikiMaker/obsidian-wikimaker-server/api-server/server.js:75:12)
    at /mnt/c/Users/tommy/Desktop/Code Projects/WikiMaker/obsidian-wikimaker-server/api-server/server.js:210:36
    at Layer.handle [as handle_request] (/mnt/c/Users/tommy/Desktop/Code Projects/WikiMaker/obsidian-wikimaker-server/api-server/node_modules/express/lib/router/layer.js:95:5)
    at next (/mnt/c/Users/tommy/Desktop/Code Projects/WikiMaker/obsidian-wikimaker-server/api-server/node_modules/express/lib/router/route.js:149:13)
    at Route.dispatch (/mnt/c/Users/tommy/Desktop/Code Projects/WikiMaker/obsidian-wikimaker-server/api-server/node_modules/express/lib/router/route.js:119:3)
    at Layer.handle [as handle_request] (/mnt/c/Users/tommy/Desktop/Code Projects/WikiMaker/obsidian-wikimaker-server/api-server/node_modules/express/lib/router/layer.js:95:5)
    at /mnt/c/Users/tommy/Desktop/Code Projects/WikiMaker/obsidian-wikimaker-server/api-server/node_modules/express/lib/router/index.js:284:15
    at Function.process_params (/mnt/c/Users/tommy/Desktop/Code Projects/WikiMaker/obsidian-wikimaker-server/api-server/node_modules/express/lib/router/index.js:346:12)
    at next (/mnt/c/Users/tommy/Desktop/Code Projects/WikiMaker/obsidian-wikimaker-server/api-server/node_modules/express/lib/router/index.js:280:10)
    at cors (/mnt/c/Users/tommy/Desktop/Code Projects/WikiMaker/obsidian-wikimaker-server/api-server/node_modules/cors/lib/index.js:188:7)
TypeError: fs.rmSync is not a function
    at removePublishedFile (/mnt/c/Users/tommy/Desktop/Code Projects/WikiMaker/obsidian-wikimaker-server/api-server/server.js:75:12)
    at /mnt/c/Users/tommy/Desktop/Code Projects/WikiMaker/obsidian-wikimaker-server/api-server/server.js:210:36
    at Layer.handle [as handle_request] (/mnt/c/Users/tommy/Desktop/Code Projects/WikiMaker/obsidian-wikimaker-server/api-server/node_modules/express/lib/router/layer.js:95:5)
    at next (/mnt/c/Users/tommy/Desktop/Code Projects/WikiMaker/obsidian-wikimaker-server/api-server/node_modules/express/lib/router/route.js:149:13)
    at Route.dispatch (/mnt/c/Users/tommy/Desktop/Code Projects/WikiMaker/obsidian-wikimaker-server/api-server/node_modules/express/lib/router/route.js:119:3)
    at Layer.handle [as handle_request] (/mnt/c/Users/tommy/Desktop/Code Projects/WikiMaker/obsidian-wikimaker-server/api-server/node_modules/express/lib/router/layer.js:95:5)
    at /mnt/c/Users/tommy/Desktop/Code Projects/WikiMaker/obsidian-wikimaker-server/api-server/node_modules/express/lib/router/index.js:284:15
    at Function.process_params (/mnt/c/Users/tommy/Desktop/Code Projects/WikiMaker/obsidian-wikimaker-server/api-server/node_modules/express/lib/router/index.js:346:12)
    at next (/mnt/c/Users/tommy/Desktop/Code Projects/WikiMaker/obsidian-wikimaker-server/api-server/node_modules/express/lib/router/index.js:280:10)
    at cors (/mnt/c/Users/tommy/Desktop/Code Projects/WikiMaker/obsidian-wikimaker-server/api-server/node_modules/cors/lib/index.js:188:7)
TypeError: fs.rmSync is not a function
    at removePublishedFile (/mnt/c/Users/tommy/Desktop/Code Projects/WikiMaker/obsidian-wikimaker-server/api-server/server.js:75:12)
    at /mnt/c/Users/tommy/Desktop/Code Projects/WikiMaker/obsidian-wikimaker-server/api-server/server.js:275:36
    at Layer.handle [as handle_request] (/mnt/c/Users/tommy/Desktop/Code Projects/WikiMaker/obsidian-wikimaker-server/api-server/node_modules/express/lib/router/layer.js:95:5)
    at next (/mnt/c/Users/tommy/Desktop/Code Projects/WikiMaker/obsidian-wikimaker-server/api-server/node_modules/express/lib/router/route.js:149:13)
    at Route.dispatch (/mnt/c/Users/tommy/Desktop/Code Projects/WikiMaker/obsidian-wikimaker-server/api-server/node_modules/express/lib/router/route.js:119:3)
    at Layer.handle [as handle_request] (/mnt/c/Users/tommy/Desktop/Code Projects/WikiMaker/obsidian-wikimaker-server/api-server/node_modules/express/lib/router/layer.js:95:5)
    at /mnt/c/Users/tommy/Desktop/Code Projects/WikiMaker/obsidian-wikimaker-server/api-server/node_modules/express/lib/router/index.js:284:15
    at Function.process_params (/mnt/c/Users/tommy/Desktop/Code Projects/WikiMaker/obsidian-wikimaker-server/api-server/node_modules/express/lib/router/index.js:346:12)
    at next (/mnt/c/Users/tommy/Desktop/Code Projects/WikiMaker/obsidian-wikimaker-server/api-server/node_modules/express/lib/router/index.js:280:10)
    at cors (/mnt/c/Users/tommy/Desktop/Code Projects/WikiMaker/obsidian-wikimaker-server/api-server/node_modules/cors/lib/index.js:188:7)
TypeError: fs.rmSync is not a function
    at removePublishedFile (/mnt/c/Users/tommy/Desktop/Code Projects/WikiMaker/obsidian-wikimaker-server/api-server/server.js:75:12)
    at /mnt/c/Users/tommy/Desktop/Code Projects/WikiMaker/obsidian-wikimaker-server/api-server/server.js:275:36
    at Layer.handle [as handle_request] (/mnt/c/Users/tommy/Desktop/Code Projects/WikiMaker/obsidian-wikimaker-server/api-server/node_modules/express/lib/router/layer.js:95:5)
    at next (/mnt/c/Users/tommy/Desktop/Code Projects/WikiMaker/obsidian-wikimaker-server/api-server/node_modules/express/lib/router/route.js:149:13)
    at Route.dispatch (/mnt/c/Users/tommy/Desktop/Code Projects/WikiMaker/obsidian-wikimaker-server/api-server/node_modules/express/lib/router/route.js:119:3)
    at Layer.handle [as handle_request] (/mnt/c/Users/tommy/Desktop/Code Projects/WikiMaker/obsidian-wikimaker-server/api-server/node_modules/express/lib/router/layer.js:95:5)
    at /mnt/c/Users/tommy/Desktop/Code Projects/WikiMaker/obsidian-wikimaker-server/api-server/node_modules/express/lib/router/index.js:284:15
    at Function.process_params (/mnt/c/Users/tommy/Desktop/Code Projects/WikiMaker/obsidian-wikimaker-server/api-server/node_modules/express/lib/router/index.js:346:12)
    at next (/mnt/c/Users/tommy/Desktop/Code Projects/WikiMaker/obsidian-wikimaker-server/api-server/node_modules/express/lib/router/index.js:280:10)
    at cors (/mnt/c/Users/tommy/Desktop/Code Projects/WikiMaker/obsidian-wikimaker-server/api-server/node_modules/cors/lib/index.js:188:7)
TypeError: fs.rmSync is not a function
    at removePublishedFile (/mnt/c/Users/tommy/Desktop/Code Projects/WikiMaker/obsidian-wikimaker-server/api-server/server.js:75:12)
    at /mnt/c/Users/tommy/Desktop/Code Projects/WikiMaker/obsidian-wikimaker-server/api-server/server.js:275:36
    at Layer.handle [as handle_request] (/mnt/c/Users/tommy/Desktop/Code Projects/WikiMaker/obsidian-wikimaker-server/api-server/node_modules/express/lib/router/layer.js:95:5)
    at next (/mnt/c/Users/tommy/Desktop/Code Projects/WikiMaker/obsidian-wikimaker-server/api-server/node_modules/express/lib/router/route.js:149:13)
    at Route.dispatch (/mnt/c/Users/tommy/Desktop/Code Projects/WikiMaker/obsidian-wikimaker-server/api-server/node_modules/express/lib/router/route.js:119:3)
    at Layer.handle [as handle_request] (/mnt/c/Users/tommy/Desktop/Code Projects/WikiMaker/obsidian-wikimaker-server/api-server/node_modules/express/lib/router/layer.js:95:5)
    at /mnt/c/Users/tommy/Desktop/Code Projects/WikiMaker/obsidian-wikimaker-server/api-server/node_modules/express/lib/router/index.js:284:15
    at Function.process_params (/mnt/c/Users/tommy/Desktop/Code Projects/WikiMaker/obsidian-wikimaker-server/api-server/node_modules/express/lib/router/index.js:346:12)
    at next (/mnt/c/Users/tommy/Desktop/Code Projects/WikiMaker/obsidian-wikimaker-server/api-server/node_modules/express/lib/router/index.js:280:10)
    at cors (/mnt/c/Users/tommy/Desktop/Code Projects/WikiMaker/obsidian-wikimaker-server/api-server/node_modules/cors/lib/index.js:188:7)
TypeError: fs.rmSync is not a function
    at removePublishedFile (/mnt/c/Users/tommy/Desktop/Code Projects/WikiMaker/obsidian-wikimaker-server/api-server/server.js:75:12)
    at /mnt/c/Users/tommy/Desktop/Code Projects/WikiMaker/obsidian-wikimaker-server/api-server/server.js:275:36
    at Layer.handle [as handle_request] (/mnt/c/Users/tommy/Desktop/Code Projects/WikiMaker/obsidian-wikimaker-server/api-server/node_modules/express/lib/router/layer.js:95:5)
    at next (/mnt/c/Users/tommy/Desktop/Code Projects/WikiMaker/obsidian-wikimaker-server/api-server/node_modules/express/lib/router/route.js:149:13)
    at Route.dispatch (/mnt/c/Users/tommy/Desktop/Code Projects/WikiMaker/obsidian-wikimaker-server/api-server/node_modules/express/lib/router/route.js:119:3)
    at Layer.handle [as handle_request] (/mnt/c/Users/tommy/Desktop/Code Projects/WikiMaker/obsidian-wikimaker-server/api-server/node_modules/express/lib/router/layer.js:95:5)
    at /mnt/c/Users/tommy/Desktop/Code Projects/WikiMaker/obsidian-wikimaker-server/api-server/node_modules/express/lib/router/index.js:284:15
    at Function.process_params (/mnt/c/Users/tommy/Desktop/Code Projects/WikiMaker/obsidian-wikimaker-server/api-server/node_modules/express/lib/router/index.js:346:12)
    at next (/mnt/c/Users/tommy/Desktop/Code Projects/WikiMaker/obsidian-wikimaker-server/api-server/node_modules/express/lib/router/index.js:280:10)
    at cors (/mnt/c/Users/tommy/Desktop/Code Projects/WikiMaker/obsidian-wikimaker-server/api-server/node_modules/cors/lib/index.js:188:7)
TypeError: fs.rmSync is not a function
    at removePublishedFile (/mnt/c/Users/tommy/Desktop/Code Projects/WikiMaker/obsidian-wikimaker-server/api-server/server.js:75:12)
    at /mnt/c/Users/tommy/Desktop/Code Projects/WikiMaker/obsidian-wikimaker-server/api-server/server.js:275:36
    at Layer.handle [as handle_request] (/mnt/c/Users/tommy/Desktop/Code Projects/WikiMaker/obsidian-wikimaker-server/api-server/node_modules/express/lib/router/layer.js:95:5)
    at next (/mnt/c/Users/tommy/Desktop/Code Projects/WikiMaker/obsidian-wikimaker-server/api-server/node_modules/express/lib/router/route.js:149:13)
    at Route.dispatch (/mnt/c/Users/tommy/Desktop/Code Projects/WikiMaker/obsidian-wikimaker-server/api-server/node_modules/express/lib/router/route.js:119:3)
    at Layer.handle [as handle_request] (/mnt/c/Users/tommy/Desktop/Code Projects/WikiMaker/obsidian-wikimaker-server/api-server/node_modules/express/lib/router/layer.js:95:5)
    at /mnt/c/Users/tommy/Desktop/Code Projects/WikiMaker/obsidian-wikimaker-server/api-server/node_modules/express/lib/router/index.js:284:15
    at Function.process_params (/mnt/c/Users/tommy/Desktop/Code Projects/WikiMaker/obsidian-wikimaker-server/api-server/node_modules/express/lib/router/index.js:346:12)
    at next (/mnt/c/Users/tommy/Desktop/Code Projects/WikiMaker/obsidian-wikimaker-server/api-server/node_modules/express/lib/router/index.js:280:10)
    at cors (/mnt/c/Users/tommy/Desktop/Code Projects/WikiMaker/obsidian-wikimaker-server/api-server/node_modules/cors/lib/index.js:188:7)
TypeError: fs.rmSync is not a function
    at removePublishedFile (/mnt/c/Users/tommy/Desktop/Code Projects/WikiMaker/obsidian-wikimaker-server/api-server/server.js:75:12)
    at /mnt/c/Users/tommy/Desktop/Code Projects/WikiMaker/obsidian-wikimaker-server/api-server/server.js:275:36
    at Layer.handle [as handle_request] (/mnt/c/Users/tommy/Desktop/Code Projects/WikiMaker/obsidian-wikimaker-server/api-server/node_modules/express/lib/router/layer.js:95:5)
    at next (/mnt/c/Users/tommy/Desktop/Code Projects/WikiMaker/obsidian-wikimaker-server/api-server/node_modules/express/lib/router/route.js:149:13)
    at Route.dispatch (/mnt/c/Users/tommy/Desktop/Code Projects/WikiMaker/obsidian-wikimaker-server/api-server/node_modules/express/lib/router/route.js:119:3)
    at Layer.handle [as handle_request] (/mnt/c/Users/tommy/Desktop/Code Projects/WikiMaker/obsidian-wikimaker-server/api-server/node_modules/express/lib/router/layer.js:95:5)
    at /mnt/c/Users/tommy/Desktop/Code Projects/WikiMaker/obsidian-wikimaker-server/api-server/node_modules/express/lib/router/index.js:284:15
    at Function.process_params (/mnt/c/Users/tommy/Desktop/Code Projects/WikiMaker/obsidian-wikimaker-server/api-server/node_modules/express/lib/router/index.js:346:12)
    at next (/mnt/c/Users/tommy/Desktop/Code Projects/WikiMaker/obsidian-wikimaker-server/api-server/node_modules/express/lib/router/index.js:280:10)
    at cors (/mnt/c/Users/tommy/Desktop/Code Projects/WikiMaker/obsidian-wikimaker-server/api-server/node_modules/cors/lib/index.js:188:7)
TypeError: fs.rmSync is not a function
    at removePublishedFile (/mnt/c/Users/tommy/Desktop/Code Projects/WikiMaker/obsidian-wikimaker-server/api-server/server.js:75:12)
    at /mnt/c/Users/tommy/Desktop/Code Projects/WikiMaker/obsidian-wikimaker-server/api-server/server.js:275:36
    at Layer.handle [as handle_request] (/mnt/c/Users/tommy/Desktop/Code Projects/WikiMaker/obsidian-wikimaker-server/api-server/node_modules/express/lib/router/layer.js:95:5)
    at next (/mnt/c/Users/tommy/Desktop/Code Projects/WikiMaker/obsidian-wikimaker-server/api-server/node_modules/express/lib/router/route.js:149:13)
    at Route.dispatch (/mnt/c/Users/tommy/Desktop/Code Projects/WikiMaker/obsidian-wikimaker-server/api-server/node_modules/express/lib/router/route.js:119:3)
    at Layer.handle [as handle_request] (/mnt/c/Users/tommy/Desktop/Code Projects/WikiMaker/obsidian-wikimaker-server/api-server/node_modules/express/lib/router/layer.js:95:5)
    at /mnt/c/Users/tommy/Desktop/Code Projects/WikiMaker/obsidian-wikimaker-server/api-server/node_modules/express/lib/router/index.js:284:15
    at Function.process_params (/mnt/c/Users/tommy/Desktop/Code Projects/WikiMaker/obsidian-wikimaker-server/api-server/node_modules/express/lib/router/index.js:346:12)
    at next (/mnt/c/Users/tommy/Desktop/Code Projects/WikiMaker/obsidian-wikimaker-server/api-server/node_modules/express/lib/router/index.js:280:10)
    at cors (/mnt/c/Users/tommy/Desktop/Code Projects/WikiMaker/obsidian-wikimaker-server/api-server/node_modules/cors/lib/index.js:188:7)
TypeError: fs.rmSync is not a function
    at removePublishedFile (/mnt/c/Users/tommy/Desktop/Code Projects/WikiMaker/obsidian-wikimaker-server/api-server/server.js:75:12)
    at /mnt/c/Users/tommy/Desktop/Code Projects/WikiMaker/obsidian-wikimaker-server/api-server/server.js:275:36
    at Layer.handle [as handle_request] (/mnt/c/Users/tommy/Desktop/Code Projects/WikiMaker/obsidian-wikimaker-server/api-server/node_modules/express/lib/router/layer.js:95:5)
    at next (/mnt/c/Users/tommy/Desktop/Code Projects/WikiMaker/obsidian-wikimaker-server/api-server/node_modules/express/lib/router/route.js:149:13)
    at Route.dispatch (/mnt/c/Users/tommy/Desktop/Code Projects/WikiMaker/obsidian-wikimaker-server/api-server/node_modules/express/lib/router/route.js:119:3)
    at Layer.handle [as handle_request] (/mnt/c/Users/tommy/Desktop/Code Projects/WikiMaker/obsidian-wikimaker-server/api-server/node_modules/express/lib/router/layer.js:95:5)
    at /mnt/c/Users/tommy/Desktop/Code Projects/WikiMaker/obsidian-wikimaker-server/api-server/node_modules/express/lib/router/index.js:284:15
    at Function.process_params (/mnt/c/Users/tommy/Desktop/Code Projects/WikiMaker/obsidian-wikimaker-server/api-server/node_modules/express/lib/router/index.js:346:12)
    at next (/mnt/c/Users/tommy/Desktop/Code Projects/WikiMaker/obsidian-wikimaker-server/api-server/node_modules/express/lib/router/index.js:280:10)
    at cors (/mnt/c/Users/tommy/Desktop/Code Projects/WikiMaker/obsidian-wikimaker-server/api-server/node_modules/cors/lib/index.js:188:7)
TypeError: fs.rmSync is not a function
    at removePublishedFile (/mnt/c/Users/tommy/Desktop/Code Projects/WikiMaker/obsidian-wikimaker-server/api-server/server.js:75:12)
    at /mnt/c/Users/tommy/Desktop/Code Projects/WikiMaker/obsidian-wikimaker-server/api-server/server.js:275:36
    at Layer.handle [as handle_request] (/mnt/c/Users/tommy/Desktop/Code Projects/WikiMaker/obsidian-wikimaker-server/api-server/node_modules/express/lib/router/layer.js:95:5)
    at next (/mnt/c/Users/tommy/Desktop/Code Projects/WikiMaker/obsidian-wikimaker-server/api-server/node_modules/express/lib/router/route.js:149:13)
    at Route.dispatch (/mnt/c/Users/tommy/Desktop/Code Projects/WikiMaker/obsidian-wikimaker-server/api-server/node_modules/express/lib/router/route.js:119:3)
    at Layer.handle [as handle_request] (/mnt/c/Users/tommy/Desktop/Code Projects/WikiMaker/obsidian-wikimaker-server/api-server/node_modules/express/lib/router/layer.js:95:5)
    at /mnt/c/Users/tommy/Desktop/Code Projects/WikiMaker/obsidian-wikimaker-server/api-server/node_modules/express/lib/router/index.js:284:15
    at Function.process_params (/mnt/c/Users/tommy/Desktop/Code Projects/WikiMaker/obsidian-wikimaker-server/api-server/node_modules/express/lib/router/index.js:346:12)
    at next (/mnt/c/Users/tommy/Desktop/Code Projects/WikiMaker/obsidian-wikimaker-server/api-server/node_modules/express/lib/router/index.js:280:10)
    at cors (/mnt/c/Users/tommy/Desktop/Code Projects/WikiMaker/obsidian-wikimaker-server/api-server/node_modules/cors/lib/index.js:188:7)
TypeError: fs.rmSync is not a function
    at removePublishedFile (/mnt/c/Users/tommy/Desktop/Code Projects/WikiMaker/obsidian-wikimaker-server/api-server/server.js:75:12)
    at /mnt/c/Users/tommy/Desktop/Code Projects/WikiMaker/obsidian-wikimaker-server/api-server/server.js:275:36
    at Layer.handle [as handle_request] (/mnt/c/Users/tommy/Desktop/Code Projects/WikiMaker/obsidian-wikimaker-server/api-server/node_modules/express/lib/router/layer.js:95:5)
    at next (/mnt/c/Users/tommy/Desktop/Code Projects/WikiMaker/obsidian-wikimaker-server/api-server/node_modules/express/lib/router/route.js:149:13)
    at Route.dispatch (/mnt/c/Users/tommy/Desktop/Code Projects/WikiMaker/obsidian-wikimaker-server/api-server/node_modules/express/lib/router/route.js:119:3)
    at Layer.handle [as handle_request] (/mnt/c/Users/tommy/Desktop/Code Projects/WikiMaker/obsidian-wikimaker-server/api-server/node_modules/express/lib/router/layer.js:95:5)
    at /mnt/c/Users/tommy/Desktop/Code Projects/WikiMaker/obsidian-wikimaker-server/api-server/node_modules/express/lib/router/index.js:284:15
    at Function.process_params (/mnt/c/Users/tommy/Desktop/Code Projects/WikiMaker/obsidian-wikimaker-server/api-server/node_modules/express/lib/router/index.js:346:12)
    at next (/mnt/c/Users/tommy/Desktop/Code Projects/WikiMaker/obsidian-wikimaker-server/api-server/node_modules/express/lib/router/index.js:280:10)
    at cors (/mnt/c/Users/tommy/Desktop/Code Projects/WikiMaker/obsidian-wikimaker-server/api-server/node_modules/cors/lib/index.js:188:7)
TypeError: fs.rmSync is not a function
    at removePublishedFile (/mnt/c/Users/tommy/Desktop/Code Projects/WikiMaker/obsidian-wikimaker-server/api-server/server.js:75:12)
    at /mnt/c/Users/tommy/Desktop/Code Projects/WikiMaker/obsidian-wikimaker-server/api-server/server.js:210:36
    at Layer.handle [as handle_request] (/mnt/c/Users/tommy/Desktop/Code Projects/WikiMaker/obsidian-wikimaker-server/api-server/node_modules/express/lib/router/layer.js:95:5)
    at next (/mnt/c/Users/tommy/Desktop/Code Projects/WikiMaker/obsidian-wikimaker-server/api-server/node_modules/express/lib/router/route.js:149:13)
    at Route.dispatch (/mnt/c/Users/tommy/Desktop/Code Projects/WikiMaker/obsidian-wikimaker-server/api-server/node_modules/express/lib/router/route.js:119:3)
    at Layer.handle [as handle_request] (/mnt/c/Users/tommy/Desktop/Code Projects/WikiMaker/obsidian-wikimaker-server/api-server/node_modules/express/lib/router/layer.js:95:5)
    at /mnt/c/Users/tommy/Desktop/Code Projects/WikiMaker/obsidian-wikimaker-server/api-server/node_modules/express/lib/router/index.js:284:15
    at Function.process_params (/mnt/c/Users/tommy/Desktop/Code Projects/WikiMaker/obsidian-wikimaker-server/api-server/node_modules/express/lib/router/index.js:346:12)
    at next (/mnt/c/Users/tommy/Desktop/Code Projects/WikiMaker/obsidian-wikimaker-server/api-server/node_modules/express/lib/router/index.js:280:10)
    at cors (/mnt/c/Users/tommy/Desktop/Code Projects/WikiMaker/obsidian-wikimaker-server/api-server/node_modules/cors/lib/index.js:188:7)
TypeError: fs.rmSync is not a function
    at removePublishedFile (/mnt/c/Users/tommy/Desktop/Code Projects/WikiMaker/obsidian-wikimaker-server/api-server/server.js:75:12)
    at /mnt/c/Users/tommy/Desktop/Code Projects/WikiMaker/obsidian-wikimaker-server/api-server/server.js:275:36
    at Layer.handle [as handle_request] (/mnt/c/Users/tommy/Desktop/Code Projects/WikiMaker/obsidian-wikimaker-server/api-server/node_modules/express/lib/router/layer.js:95:5)
    at next (/mnt/c/Users/tommy/Desktop/Code Projects/WikiMaker/obsidian-wikimaker-server/api-server/node_modules/express/lib/router/route.js:149:13)
    at Route.dispatch (/mnt/c/Users/tommy/Desktop/Code Projects/WikiMaker/obsidian-wikimaker-server/api-server/node_modules/express/lib/router/route.js:119:3)
    at Layer.handle [as handle_request] (/mnt/c/Users/tommy/Desktop/Code Projects/WikiMaker/obsidian-wikimaker-server/api-server/node_modules/express/lib/router/layer.js:95:5)
    at /mnt/c/Users/tommy/Desktop/Code Projects/WikiMaker/obsidian-wikimaker-server/api-server/node_modules/express/lib/router/index.js:284:15
    at Function.process_params (/mnt/c/Users/tommy/Desktop/Code Projects/WikiMaker/obsidian-wikimaker-server/api-server/node_modules/express/lib/router/index.js:346:12)
    at next (/mnt/c/Users/tommy/Desktop/Code Projects/WikiMaker/obsidian-wikimaker-server/api-server/node_modules/express/lib/router/index.js:280:10)
    at cors (/mnt/c/Users/tommy/Desktop/Code Projects/WikiMaker/obsidian-wikimaker-server/api-server/node_modules/cors/lib/index.js:188:7)
TypeError: fs.rmSync is not a function
    at removePublishedFile (/mnt/c/Users/tommy/Desktop/Code Projects/WikiMaker/obsidian-wikimaker-server/api-server/server.js:75:12)
    at /mnt/c/Users/tommy/Desktop/Code Projects/WikiMaker/obsidian-wikimaker-server/api-server/server.js:210:36
    at Layer.handle [as handle_request] (/mnt/c/Users/tommy/Desktop/Code Projects/WikiMaker/obsidian-wikimaker-server/api-server/node_modules/express/lib/router/layer.js:95:5)
    at next (/mnt/c/Users/tommy/Desktop/Code Projects/WikiMaker/obsidian-wikimaker-server/api-server/node_modules/express/lib/router/route.js:149:13)
    at Route.dispatch (/mnt/c/Users/tommy/Desktop/Code Projects/WikiMaker/obsidian-wikimaker-server/api-server/node_modules/express/lib/router/route.js:119:3)
    at Layer.handle [as handle_request] (/mnt/c/Users/tommy/Desktop/Code Projects/WikiMaker/obsidian-wikimaker-server/api-server/node_modules/express/lib/router/layer.js:95:5)
    at /mnt/c/Users/tommy/Desktop/Code Projects/WikiMaker/obsidian-wikimaker-server/api-server/node_modules/express/lib/router/index.js:284:15
    at Function.process_params (/mnt/c/Users/tommy/Desktop/Code Projects/WikiMaker/obsidian-wikimaker-server/api-server/node_modules/express/lib/router/index.js:346:12)
    at next (/mnt/c/Users/tommy/Desktop/Code Projects/WikiMaker/obsidian-wikimaker-server/api-server/node_modules/express/lib/router/index.js:280:10)
    at cors (/mnt/c/Users/tommy/Desktop/Code Projects/WikiMaker/obsidian-wikimaker-server/api-server/node_modules/cors/lib/index.js:188:7)
TypeError: fs.rmSync is not a function
    at removePublishedFile (/mnt/c/Users/tommy/Desktop/Code Projects/WikiMaker/obsidian-wikimaker-server/api-server/server.js:75:12)
    at /mnt/c/Users/tommy/Desktop/Code Projects/WikiMaker/obsidian-wikimaker-server/api-server/server.js:210:36
    at Layer.handle [as handle_request] (/mnt/c/Users/tommy/Desktop/Code Projects/WikiMaker/obsidian-wikimaker-server/api-server/node_modules/express/lib/router/layer.js:95:5)
    at next (/mnt/c/Users/tommy/Desktop/Code Projects/WikiMaker/obsidian-wikimaker-server/api-server/node_modules/express/lib/router/route.js:149:13)
    at Route.dispatch (/mnt/c/Users/tommy/Desktop/Code Projects/WikiMaker/obsidian-wikimaker-server/api-server/node_modules/express/lib/router/route.js:119:3)
    at Layer.handle [as handle_request] (/mnt/c/Users/tommy/Desktop/Code Projects/WikiMaker/obsidian-wikimaker-server/api-server/node_modules/express/lib/router/layer.js:95:5)
    at /mnt/c/Users/tommy/Desktop/Code Projects/WikiMaker/obsidian-wikimaker-server/api-server/node_modules/express/lib/router/index.js:284:15
    at Function.process_params (/mnt/c/Users/tommy/Desktop/Code Projects/WikiMaker/obsidian-wikimaker-server/api-server/node_modules/express/lib/router/index.js:346:12)
    at next (/mnt/c/Users/tommy/Desktop/Code Projects/WikiMaker/obsidian-wikimaker-server/api-server/node_modules/express/lib/router/index.js:280:10)
    at cors (/mnt/c/Users/tommy/Desktop/Code Projects/WikiMaker/obsidian-wikimaker-server/api-server/node_modules/cors/lib/index.js:188:7)
TypeError: fs.rmSync is not a function
    at removePublishedFile (/mnt/c/Users/tommy/Desktop/Code Projects/WikiMaker/obsidian-wikimaker-server/api-server/server.js:75:12)
    at /mnt/c/Users/tommy/Desktop/Code Projects/WikiMaker/obsidian-wikimaker-server/api-server/server.js:210:36
    at Layer.handle [as handle_request] (/mnt/c/Users/tommy/Desktop/Code Projects/WikiMaker/obsidian-wikimaker-server/api-server/node_modules/express/lib/router/layer.js:95:5)
    at next (/mnt/c/Users/tommy/Desktop/Code Projects/WikiMaker/obsidian-wikimaker-server/api-server/node_modules/express/lib/router/route.js:149:13)
    at Route.dispatch (/mnt/c/Users/tommy/Desktop/Code Projects/WikiMaker/obsidian-wikimaker-server/api-server/node_modules/express/lib/router/route.js:119:3)
    at Layer.handle [as handle_request] (/mnt/c/Users/tommy/Desktop/Code Projects/WikiMaker/obsidian-wikimaker-server/api-server/node_modules/express/lib/router/layer.js:95:5)
    at /mnt/c/Users/tommy/Desktop/Code Projects/WikiMaker/obsidian-wikimaker-server/api-server/node_modules/express/lib/router/index.js:284:15
    at Function.process_params (/mnt/c/Users/tommy/Desktop/Code Projects/WikiMaker/obsidian-wikimaker-server/api-server/node_modules/express/lib/router/index.js:346:12)
    at next (/mnt/c/Users/tommy/Desktop/Code Projects/WikiMaker/obsidian-wikimaker-server/api-server/node_modules/express/lib/router/index.js:280:10)
    at cors (/mnt/c/Users/tommy/Desktop/Code Projects/WikiMaker/obsidian-wikimaker-server/api-server/node_modules/cors/lib/index.js:188:7)
TypeError: fs.rmSync is not a function
    at removePublishedFile (/mnt/c/Users/tommy/Desktop/Code Projects/WikiMaker/obsidian-wikimaker-server/api-server/server.js:75:12)
    at /mnt/c/Users/tommy/Desktop/Code Projects/WikiMaker/obsidian-wikimaker-server/api-server/server.js:210:36
    at Layer.handle [as handle_request] (/mnt/c/Users/tommy/Desktop/Code Projects/WikiMaker/obsidian-wikimaker-server/api-server/node_modules/express/lib/router/layer.js:95:5)
    at next (/mnt/c/Users/tommy/Desktop/Code Projects/WikiMaker/obsidian-wikimaker-server/api-server/node_modules/express/lib/router/route.js:149:13)
    at Route.dispatch (/mnt/c/Users/tommy/Desktop/Code Projects/WikiMaker/obsidian-wikimaker-server/api-server/node_modules/express/lib/router/route.js:119:3)
    at Layer.handle [as handle_request] (/mnt/c/Users/tommy/Desktop/Code Projects/WikiMaker/obsidian-wikimaker-server/api-server/node_modules/express/lib/router/layer.js:95:5)
    at /mnt/c/Users/tommy/Desktop/Code Projects/WikiMaker/obsidian-wikimaker-server/api-server/node_modules/express/lib/router/index.js:284:15
    at Function.process_params (/mnt/c/Users/tommy/Desktop/Code Projects/WikiMaker/obsidian-wikimaker-server/api-server/node_modules/express/lib/router/index.js:346:12)
    at next (/mnt/c/Users/tommy/Desktop/Code Projects/WikiMaker/obsidian-wikimaker-server/api-server/node_modules/express/lib/router/index.js:280:10)
    at cors (/mnt/c/Users/tommy/Desktop/Code Projects/WikiMaker/obsidian-wikimaker-server/api-server/node_modules/cors/lib/index.js:188:7)
TypeError: fs.rmSync is not a function
    at removePublishedFile (/mnt/c/Users/tommy/Desktop/Code Projects/WikiMaker/obsidian-wikimaker-server/api-server/server.js:75:12)
    at /mnt/c/Users/tommy/Desktop/Code Projects/WikiMaker/obsidian-wikimaker-server/api-server/server.js:275:36
    at Layer.handle [as handle_request] (/mnt/c/Users/tommy/Desktop/Code Projects/WikiMaker/obsidian-wikimaker-server/api-server/node_modules/express/lib/router/layer.js:95:5)
    at next (/mnt/c/Users/tommy/Desktop/Code Projects/WikiMaker/obsidian-wikimaker-server/api-server/node_modules/express/lib/router/route.js:149:13)
    at Route.dispatch (/mnt/c/Users/tommy/Desktop/Code Projects/WikiMaker/obsidian-wikimaker-server/api-server/node_modules/express/lib/router/route.js:119:3)
    at Layer.handle [as handle_request] (/mnt/c/Users/tommy/Desktop/Code Projects/WikiMaker/obsidian-wikimaker-server/api-server/node_modules/express/lib/router/layer.js:95:5)
    at /mnt/c/Users/tommy/Desktop/Code Projects/WikiMaker/obsidian-wikimaker-server/api-server/node_modules/express/lib/router/index.js:284:15
    at Function.process_params (/mnt/c/Users/tommy/Desktop/Code Projects/WikiMaker/obsidian-wikimaker-server/api-server/node_modules/express/lib/router/index.js:346:12)
    at next (/mnt/c/Users/tommy/Desktop/Code Projects/WikiMaker/obsidian-wikimaker-server/api-server/node_modules/express/lib/router/index.js:280:10)
    at cors (/mnt/c/Users/tommy/Desktop/Code Projects/WikiMaker/obsidian-wikimaker-server/api-server/node_modules/cors/lib/index.js:188:7)
TypeError: fs.rmSync is not a function
    at removePublishedFile (/mnt/c/Users/tommy/Desktop/Code Projects/WikiMaker/obsidian-wikimaker-server/api-server/server.js:75:12)
    at /mnt/c/Users/tommy/Desktop/Code Projects/WikiMaker/obsidian-wikimaker-server/api-server/server.js:275:36
    at Layer.handle [as handle_request] (/mnt/c/Users/tommy/Desktop/Code Projects/WikiMaker/obsidian-wikimaker-server/api-server/node_modules/express/lib/router/layer.js:95:5)
    at next (/mnt/c/Users/tommy/Desktop/Code Projects/WikiMaker/obsidian-wikimaker-server/api-server/node_modules/express/lib/router/route.js:149:13)
    at Route.dispatch (/mnt/c/Users/tommy/Desktop/Code Projects/WikiMaker/obsidian-wikimaker-server/api-server/node_modules/express/lib/router/route.js:119:3)
    at Layer.handle [as handle_request] (/mnt/c/Users/tommy/Desktop/Code Projects/WikiMaker/obsidian-wikimaker-server/api-server/node_modules/express/lib/router/layer.js:95:5)
    at /mnt/c/Users/tommy/Desktop/Code Projects/WikiMaker/obsidian-wikimaker-server/api-server/node_modules/express/lib/router/index.js:284:15
    at Function.process_params (/mnt/c/Users/tommy/Desktop/Code Projects/WikiMaker/obsidian-wikimaker-server/api-server/node_modules/express/lib/router/index.js:346:12)
    at next (/mnt/c/Users/tommy/Desktop/Code Projects/WikiMaker/obsidian-wikimaker-server/api-server/node_modules/express/lib/router/index.js:280:10)
    at cors (/mnt/c/Users/tommy/Desktop/Code Projects/WikiMaker/obsidian-wikimaker-server/api-server/node_modules/cors/lib/index.js:188:7)
TypeError: fs.rmSync is not a function
    at removePublishedFile (/mnt/c/Users/tommy/Desktop/Code Projects/WikiMaker/obsidian-wikimaker-server/api-server/server.js:75:12)
    at /mnt/c/Users/tommy/Desktop/Code Projects/WikiMaker/obsidian-wikimaker-server/api-server/server.js:275:36
    at Layer.handle [as handle_request] (/mnt/c/Users/tommy/Desktop/Code Projects/WikiMaker/obsidian-wikimaker-server/api-server/node_modules/express/lib/router/layer.js:95:5)
    at next (/mnt/c/Users/tommy/Desktop/Code Projects/WikiMaker/obsidian-wikimaker-server/api-server/node_modules/express/lib/router/route.js:149:13)
    at Route.dispatch (/mnt/c/Users/tommy/Desktop/Code Projects/WikiMaker/obsidian-wikimaker-server/api-server/node_modules/express/lib/router/route.js:119:3)
    at Layer.handle [as handle_request] (/mnt/c/Users/tommy/Desktop/Code Projects/WikiMaker/obsidian-wikimaker-server/api-server/node_modules/express/lib/router/layer.js:95:5)
    at /mnt/c/Users/tommy/Desktop/Code Projects/WikiMaker/obsidian-wikimaker-server/api-server/node_modules/express/lib/router/index.js:284:15
    at Function.process_params (/mnt/c/Users/tommy/Desktop/Code Projects/WikiMaker/obsidian-wikimaker-server/api-server/node_modules/express/lib/router/index.js:346:12)
    at next (/mnt/c/Users/tommy/Desktop/Code Projects/WikiMaker/obsidian-wikimaker-server/api-server/node_modules/express/lib/router/index.js:280:10)
    at cors (/mnt/c/Users/tommy/Desktop/Code Projects/WikiMaker/obsidian-wikimaker-server/api-server/node_modules/cors/lib/index.js:188:7)
TypeError: fs.rmSync is not a function
    at removePublishedFile (/mnt/c/Users/tommy/Desktop/Code Projects/WikiMaker/obsidian-wikimaker-server/api-server/server.js:75:12)
    at /mnt/c/Users/tommy/Desktop/Code Projects/WikiMaker/obsidian-wikimaker-server/api-server/server.js:210:36
    at Layer.handle [as handle_request] (/mnt/c/Users/tommy/Desktop/Code Projects/WikiMaker/obsidian-wikimaker-server/api-server/node_modules/express/lib/router/layer.js:95:5)
    at next (/mnt/c/Users/tommy/Desktop/Code Projects/WikiMaker/obsidian-wikimaker-server/api-server/node_modules/express/lib/router/route.js:149:13)
    at Route.dispatch (/mnt/c/Users/tommy/Desktop/Code Projects/WikiMaker/obsidian-wikimaker-server/api-server/node_modules/express/lib/router/route.js:119:3)
    at Layer.handle [as handle_request] (/mnt/c/Users/tommy/Desktop/Code Projects/WikiMaker/obsidian-wikimaker-server/api-server/node_modules/express/lib/router/layer.js:95:5)
    at /mnt/c/Users/tommy/Desktop/Code Projects/WikiMaker/obsidian-wikimaker-server/api-server/node_modules/express/lib/router/index.js:284:15
    at Function.process_params (/mnt/c/Users/tommy/Desktop/Code Projects/WikiMaker/obsidian-wikimaker-server/api-server/node_modules/express/lib/router/index.js:346:12)
    at next (/mnt/c/Users/tommy/Desktop/Code Projects/WikiMaker/obsidian-wikimaker-server/api-server/node_modules/express/lib/router/index.js:280:10)
    at cors (/mnt/c/Users/tommy/Desktop/Code Projects/WikiMaker/obsidian-wikimaker-server/api-server/node_modules/cors/lib/index.js:188:7)
TypeError: fs.rmSync is not a function
    at removePublishedFile (/mnt/c/Users/tommy/Desktop/Code Projects/WikiMaker/obsidian-wikimaker-server/api-server/server.js:75:12)
    at /mnt/c/Users/tommy/Desktop/Code Projects/WikiMaker/obsidian-wikimaker-server/api-server/server.js:210:36
    at Layer.handle [as handle_request] (/mnt/c/Users/tommy/Desktop/Code Projects/WikiMaker/obsidian-wikimaker-server/api-server/node_modules/express/lib/router/layer.js:95:5)
    at next (/mnt/c/Users/tommy/Desktop/Code Projects/WikiMaker/obsidian-wikimaker-server/api-server/node_modules/express/lib/router/route.js:149:13)
    at Route.dispatch (/mnt/c/Users/tommy/Desktop/Code Projects/WikiMaker/obsidian-wikimaker-server/api-server/node_modules/express/lib/router/route.js:119:3)
    at Layer.handle [as handle_request] (/mnt/c/Users/tommy/Desktop/Code Projects/WikiMaker/obsidian-wikimaker-server/api-server/node_modules/express/lib/router/layer.js:95:5)
    at /mnt/c/Users/tommy/Desktop/Code Projects/WikiMaker/obsidian-wikimaker-server/api-server/node_modules/express/lib/router/index.js:284:15
    at Function.process_params (/mnt/c/Users/tommy/Desktop/Code Projects/WikiMaker/obsidian-wikimaker-server/api-server/node_modules/express/lib/router/index.js:346:12)
    at next (/mnt/c/Users/tommy/Desktop/Code Projects/WikiMaker/obsidian-wikimaker-server/api-server/node_modules/express/lib/router/index.js:280:10)
    at cors (/mnt/c/Users/tommy/Desktop/Code Projects/WikiMaker/obsidian-wikimaker-server/api-server/node_modules/cors/lib/index.js:188:7)
TypeError: fs.rmSync is not a function
    at removePublishedFile (/mnt/c/Users/tommy/Desktop/Code Projects/WikiMaker/obsidian-wikimaker-server/api-server/server.js:75:12)
    at /mnt/c/Users/tommy/Desktop/Code Projects/WikiMaker/obsidian-wikimaker-server/api-server/server.js:275:36
    at Layer.handle [as handle_request] (/mnt/c/Users/tommy/Desktop/Code Projects/WikiMaker/obsidian-wikimaker-server/api-server/node_modules/express/lib/router/layer.js:95:5)
    at next (/mnt/c/Users/tommy/Desktop/Code Projects/WikiMaker/obsidian-wikimaker-server/api-server/node_modules/express/lib/router/route.js:149:13)
    at Route.dispatch (/mnt/c/Users/tommy/Desktop/Code Projects/WikiMaker/obsidian-wikimaker-server/api-server/node_modules/express/lib/router/route.js:119:3)
    at Layer.handle [as handle_request] (/mnt/c/Users/tommy/Desktop/Code Projects/WikiMaker/obsidian-wikimaker-server/api-server/node_modules/express/lib/router/layer.js:95:5)
    at /mnt/c/Users/tommy/Desktop/Code Projects/WikiMaker/obsidian-wikimaker-server/api-server/node_modules/express/lib/router/index.js:284:15
    at Function.process_params (/mnt/c/Users/tommy/Desktop/Code Projects/WikiMaker/obsidian-wikimaker-server/api-server/node_modules/express/lib/router/index.js:346:12)
    at next (/mnt/c/Users/tommy/Desktop/Code Projects/WikiMaker/obsidian-wikimaker-server/api-server/node_modules/express/lib/router/index.js:280:10)
    at cors (/mnt/c/Users/tommy/Desktop/Code Projects/WikiMaker/obsidian-wikimaker-server/api-server/node_modules/cors/lib/index.js:188:7)
TypeError: fs.rmSync is not a function
    at removePublishedFile (/mnt/c/Users/tommy/Desktop/Code Projects/WikiMaker/obsidian-wikimaker-server/api-server/server.js:75:12)
    at /mnt/c/Users/tommy/Desktop/Code Projects/WikiMaker/obsidian-wikimaker-server/api-server/server.js:275:36
    at Layer.handle [as handle_request] (/mnt/c/Users/tommy/Desktop/Code Projects/WikiMaker/obsidian-wikimaker-server/api-server/node_modules/express/lib/router/layer.js:95:5)
    at next (/mnt/c/Users/tommy/Desktop/Code Projects/WikiMaker/obsidian-wikimaker-server/api-server/node_modules/express/lib/router/route.js:149:13)
    at Route.dispatch (/mnt/c/Users/tommy/Desktop/Code Projects/WikiMaker/obsidian-wikimaker-server/api-server/node_modules/express/lib/router/route.js:119:3)
    at Layer.handle [as handle_request] (/mnt/c/Users/tommy/Desktop/Code Projects/WikiMaker/obsidian-wikimaker-server/api-server/node_modules/express/lib/router/layer.js:95:5)
    at /mnt/c/Users/tommy/Desktop/Code Projects/WikiMaker/obsidian-wikimaker-server/api-server/node_modules/express/lib/router/index.js:284:15
    at Function.process_params (/mnt/c/Users/tommy/Desktop/Code Projects/WikiMaker/obsidian-wikimaker-server/api-server/node_modules/express/lib/router/index.js:346:12)
    at next (/mnt/c/Users/tommy/Desktop/Code Projects/WikiMaker/obsidian-wikimaker-server/api-server/node_modules/express/lib/router/index.js:280:10)
    at cors (/mnt/c/Users/tommy/Desktop/Code Projects/WikiMaker/obsidian-wikimaker-server/api-server/node_modules/cors/lib/index.js:188:7)
TypeError: fs.rmSync is not a function
    at removePublishedFile (/mnt/c/Users/tommy/Desktop/Code Projects/WikiMaker/obsidian-wikimaker-server/api-server/server.js:75:12)
    at /mnt/c/Users/tommy/Desktop/Code Projects/WikiMaker/obsidian-wikimaker-server/api-server/server.js:210:36
    at Layer.handle [as handle_request] (/mnt/c/Users/tommy/Desktop/Code Projects/WikiMaker/obsidian-wikimaker-server/api-server/node_modules/express/lib/router/layer.js:95:5)
    at next (/mnt/c/Users/tommy/Desktop/Code Projects/WikiMaker/obsidian-wikimaker-server/api-server/node_modules/express/lib/router/route.js:149:13)
    at Route.dispatch (/mnt/c/Users/tommy/Desktop/Code Projects/WikiMaker/obsidian-wikimaker-server/api-server/node_modules/express/lib/router/route.js:119:3)
    at Layer.handle [as handle_request] (/mnt/c/Users/tommy/Desktop/Code Projects/WikiMaker/obsidian-wikimaker-server/api-server/node_modules/express/lib/router/layer.js:95:5)
    at /mnt/c/Users/tommy/Desktop/Code Projects/WikiMaker/obsidian-wikimaker-server/api-server/node_modules/express/lib/router/index.js:284:15
    at Function.process_params (/mnt/c/Users/tommy/Desktop/Code Projects/WikiMaker/obsidian-wikimaker-server/api-server/node_modules/express/lib/router/index.js:346:12)
    at next (/mnt/c/Users/tommy/Desktop/Code Projects/WikiMaker/obsidian-wikimaker-server/api-server/node_modules/express/lib/router/index.js:280:10)
    at cors (/mnt/c/Users/tommy/Desktop/Code Projects/WikiMaker/obsidian-wikimaker-server/api-server/node_modules/cors/lib/index.js:188:7)
Server configuration loaded:
{
  secret: 'banana12345',
  port: 5001,
  debug: false,
  apiDomain: 'localhost:5001',
  websiteDomains: 'localhost:3000',
  nginxConfigFile: 'example.conf'
}
Server listening on port 5001
